public class FragmentCamera extends Fragment
        implements CameraBridgeViewBase.CvCameraViewListener2 {
    @SuppressWarnings("unused")
    private static final String TAG = FragmentCamera.class.getSimpleName();

    private CameraBridgeViewBase mCameraView;
    private Mat mOutputFrame;

    @Override
    public Mat onCameraFrame(CameraBridgeViewBase.CvCameraViewFrame inputFrame) {
        Mat roi = new Mat();
        Mat inputMat = inputFrame.rgba();
        // select region of interest
        Operations.sliceCentered(inputMat, roi, 200, 70);
        Operations.darken(inputMat, mOutputFrame);
        // process region of interest
        Imgproc.cvtColor(roi, roi, Imgproc.COLOR_RGBA2GRAY);
        Filters.basic(roi, roi);
        Imgproc.cvtColor(roi, roi, Imgproc.COLOR_GRAY2RGBA);
        // merge results
        Operations.mergeCentered(mOutputFrame, roi, mOutputFrame);
        return mOutputFrame;
    }
}
